<?xml version="1.0" encoding="UTF-8"?>
<testsuite xmlns:xsi="http://www.w3.org/2001/XMLSchema-instance" xsi:noNamespaceSchemaLocation="https://maven.apache.org/surefire/maven-surefire-plugin/xsd/surefire-test-report.xsd" name="teamblue.ORManager.FindAllTest" time="0.398" tests="3" errors="0" skipped="0" failures="0">
  <properties>
[...]
</properties>
  <testcase name="shouldFindRightBooksTitles_whenAddedThoseInSetUp" classname="teamblue.ORManager.FindAllTest" time="0.111"/>
  <testcase name="shouldFindProperNumberOfElementsInTable_whenAddedThoseInSetUp" classname="teamblue.ORManager.FindAllTest" time="0.157"/>
  <testcase name="shouldFindRightBooksAddingLocalDate_whenAddedThoseInSetUp" classname="teamblue.ORManager.FindAllTest" time="0.126"/>
</testsuite>